# JRE version: Java(TM) SE Runtime Environment 18.9 (11.0.16+11) (build 11.0.16+11-LTS-199)
# Java VM: Java HotSpot(TM) 64-Bit Server VM 18.9 (11.0.16+11-LTS-199, mixed mode, tiered, compressed oops, g1 gc, windows-amd64)
Heap:
 garbage-first heap   total 251904K, used 126252K [0x0000000080000000, 0x0000000100000000)
  region size 1024K, 3 young (3072K), 3 survivors (3072K)
 Metaspace       used 93436K, capacity 96896K, committed 97016K, reserved 600064K
  class space    used 12414K, capacity 13698K, committed 13816K, reserved 516096K
GC Heap History (10 events):
Event: 178.576 GC heap after
{Heap after GC invocations=52 (full 0):
 garbage-first heap   total 145408K, used 109040K [0x0000000080000000, 0x0000000100000000)
  region size 1024K, 1 young (1024K), 1 survivors (1024K)
 Metaspace       used 92355K, capacity 95355K, committed 95608K, reserved 600064K
  class space    used 12290K, capacity 13414K, committed 13432K, reserved 516096K
}
Event: 179.446 GC heap before
{Heap before GC invocations=53 (full 0):
 garbage-first heap   total 145408K, used 117232K [0x0000000080000000, 0x0000000100000000)
  region size 1024K, 10 young (10240K), 1 survivors (1024K)
 Metaspace       used 92459K, capacity 95497K, committed 95736K, reserved 600064K
  class space    used 12305K, capacity 13459K, committed 13560K, reserved 516096K
}
Event: 179.455 GC heap after
{Heap after GC invocations=54 (full 0):
 garbage-first heap   total 175104K, used 112959K [0x0000000080000000, 0x0000000100000000)
  region size 1024K, 2 young (2048K), 2 survivors (2048K)
 Metaspace       used 92459K, capacity 95497K, committed 95736K, reserved 600064K
  class space    used 12305K, capacity 13459K, committed 13560K, reserved 516096K
}
Event: 180.069 GC heap before
{Heap before GC invocations=54 (full 0):
 garbage-first heap   total 175104K, used 130367K [0x0000000080000000, 0x0000000100000000)
  region size 1024K, 19 young (19456K), 2 survivors (2048K)
 Metaspace       used 93076K, capacity 96320K, committed 96632K, reserved 600064K
  class space    used 12387K, capacity 13631K, committed 13688K, reserved 516096K
}
Event: 180.081 GC heap after
{Heap after GC invocations=55 (full 0):
 garbage-first heap   total 175104K, used 117310K [0x0000000080000000, 0x0000000100000000)
  region size 1024K, 3 young (3072K), 3 survivors (3072K)
 Metaspace       used 93076K, capacity 96320K, committed 96632K, reserved 600064K
  class space    used 12387K, capacity 13631K, committed 13688K, reserved 516096K
}
Event: 180.743 GC heap before
{Heap before GC invocations=56 (full 0):
 garbage-first heap   total 175104K, used 133694K [0x0000000080000000, 0x0000000100000000)
  region size 1024K, 20 young (20480K), 3 survivors (3072K)
 Metaspace       used 93415K, capacity 96822K, committed 97016K, reserved 600064K
  class space    used 12412K, capacity 13696K, committed 13816K, reserved 516096K
}
Event: 180.823 GC heap after
{Heap after GC invocations=57 (full 0):
 garbage-first heap   total 175104K, used 120476K [0x0000000080000000, 0x0000000100000000)
  region size 1024K, 3 young (3072K), 3 survivors (3072K)
 Metaspace       used 93415K, capacity 96822K, committed 97016K, reserved 600064K
  class space    used 12412K, capacity 13696K, committed 13816K, reserved 516096K
}
Event: 181.212 GC heap before
{Heap before GC invocations=57 (full 0):
 garbage-first heap   total 175104K, used 127644K [0x0000000080000000, 0x0000000100000000)
  region size 1024K, 11 young (11264K), 3 survivors (3072K)
 Metaspace       used 93436K, capacity 96896K, committed 97016K, reserved 600064K
  class space    used 12414K, capacity 13698K, committed 13816K, reserved 516096K
}
Event: 181.220 GC heap after
{Heap after GC invocations=58 (full 0):
 garbage-first heap   total 175104K, used 122170K [0x0000000080000000, 0x0000000100000000)
  region size 1024K, 2 young (2048K), 2 survivors (2048K)
 Metaspace       used 93436K, capacity 96896K, committed 97016K, reserved 600064K
  class space    used 12414K, capacity 13698K, committed 13816K, reserved 516096K
}
Event: 181.569 GC heap before
{Heap before GC invocations=59 (full 0):
 garbage-first heap   total 175104K, used 125242K [0x0000000080000000, 0x0000000100000000)
  region size 1024K, 5 young (5120K), 2 survivors (2048K)
 Metaspace       used 93436K, capacity 96896K, committed 97016K, reserved 600064K
  class space    used 12414K, capacity 13698K, committed 13816K, reserved 516096K
}

